[0.072s] [34mcolcon[0m [1;30mDEBUG[0m [32mCommand line arguments: ['/home/hansung/miniconda3/envs/kroc/bin/colcon', 'build'][0m
[0.072s] [34mcolcon[0m [1;30mDEBUG[0m [32mParsed command line arguments: Namespace(log_base=None, log_level=None, verb_name='build', build_base='build', install_base='install', merge_install=False, symlink_install=False, test_result_base=None, continue_on_error=False, executor='parallel', parallel_workers=20, event_handlers=None, ignore_user_meta=False, metas=['./colcon.meta'], base_paths=['.'], packages_ignore=None, packages_ignore_regex=None, paths=None, packages_up_to=None, packages_up_to_regex=None, packages_above=None, packages_above_and_dependencies=None, packages_above_depth=None, packages_select_by_dep=None, packages_skip_by_dep=None, packages_skip_up_to=None, packages_select_build_failed=False, packages_skip_build_finished=False, packages_select_test_failures=False, packages_skip_test_passed=False, packages_select=None, packages_skip=None, packages_select_regex=None, packages_skip_regex=None, packages_start=None, packages_end=None, cmake_args=None, cmake_target=None, cmake_target_skip_unavailable=False, cmake_clean_cache=False, cmake_clean_first=False, cmake_force_configure=False, ament_cmake_args=None, catkin_cmake_args=None, catkin_skip_building_tests=False, verb_parser=<colcon_defaults.argument_parser.defaults.DefaultArgumentsDecorator object at 0x750d292ec250>, verb_extension=<colcon_core.verb.build.BuildVerb object at 0x750d294abdc0>, main=<bound method BuildVerb.main of <colcon_core.verb.build.BuildVerb object at 0x750d294abdc0>>)[0m
[0.092s] [34mcolcon.colcon_core.package_discovery[0m [1;30mLevel 1[0m discover_packages(colcon_meta) check parameters
[0.092s] [34mcolcon.colcon_core.package_discovery[0m [1;30mLevel 1[0m discover_packages(recursive) check parameters
[0.092s] [34mcolcon.colcon_core.package_discovery[0m [1;30mLevel 1[0m discover_packages(ignore) check parameters
[0.092s] [34mcolcon.colcon_core.package_discovery[0m [1;30mLevel 1[0m discover_packages(path) check parameters
[0.092s] [34mcolcon.colcon_core.package_discovery[0m [1;30mLevel 1[0m discover_packages(colcon_meta) discover
[0.092s] [34mcolcon.colcon_core.package_discovery[0m [1;30mLevel 1[0m discover_packages(recursive) discover
[0.092s] [34mcolcon.colcon_core.package_discovery[0m [1;30mINFO[0m Crawling recursively for packages in '/home/hansung/kroc/src/rescue_system'
[0.092s] [34mcolcon.colcon_core.package_identification[0m [1;30mLevel 1[0m _identify(.) by extensions ['ignore', 'ignore_ament_install']
[0.092s] [34mcolcon.colcon_core.package_identification[0m [1;30mLevel 1[0m _identify(.) by extension 'ignore'
[0.092s] [34mcolcon.colcon_core.package_identification[0m [1;30mLevel 1[0m _identify(.) by extension 'ignore_ament_install'
[0.092s] [34mcolcon.colcon_core.package_identification[0m [1;30mLevel 1[0m _identify(.) by extensions ['colcon_pkg']
[0.092s] [34mcolcon.colcon_core.package_identification[0m [1;30mLevel 1[0m _identify(.) by extension 'colcon_pkg'
[0.092s] [34mcolcon.colcon_core.package_identification[0m [1;30mLevel 1[0m _identify(.) by extensions ['colcon_meta']
[0.092s] [34mcolcon.colcon_core.package_identification[0m [1;30mLevel 1[0m _identify(.) by extension 'colcon_meta'
[0.093s] [34mcolcon.colcon_core.package_identification[0m [1;30mLevel 1[0m _identify(.) by extensions ['ros']
[0.093s] [34mcolcon.colcon_core.package_identification[0m [1;30mLevel 1[0m _identify(.) by extension 'ros'
[0.110s] [34mcolcon.colcon_core.package_identification[0m [1;30mDEBUG[0m [32mPackage '.' with type 'ros.ament_python' and name 'rescue_system'[0m
[0.110s] [34mcolcon.colcon_core.package_discovery[0m [1;30mLevel 1[0m discover_packages(recursive) using defaults
[0.110s] [34mcolcon.colcon_core.package_discovery[0m [1;30mLevel 1[0m discover_packages(ignore) discover
[0.110s] [34mcolcon.colcon_core.package_discovery[0m [1;30mLevel 1[0m discover_packages(ignore) using defaults
[0.110s] [34mcolcon.colcon_core.package_discovery[0m [1;30mLevel 1[0m discover_packages(path) discover
[0.110s] [34mcolcon.colcon_core.package_discovery[0m [1;30mLevel 1[0m discover_packages(path) using defaults
[0.119s] [34mcolcon.colcon_core.verb[0m [1;30mLevel 5[0m set package 'rescue_system' build argument 'cmake_args' from command line to 'None'
[0.119s] [34mcolcon.colcon_core.verb[0m [1;30mLevel 5[0m set package 'rescue_system' build argument 'cmake_target' from command line to 'None'
[0.119s] [34mcolcon.colcon_core.verb[0m [1;30mLevel 5[0m set package 'rescue_system' build argument 'cmake_target_skip_unavailable' from command line to 'False'
[0.119s] [34mcolcon.colcon_core.verb[0m [1;30mLevel 5[0m set package 'rescue_system' build argument 'cmake_clean_cache' from command line to 'False'
[0.119s] [34mcolcon.colcon_core.verb[0m [1;30mLevel 5[0m set package 'rescue_system' build argument 'cmake_clean_first' from command line to 'False'
[0.119s] [34mcolcon.colcon_core.verb[0m [1;30mLevel 5[0m set package 'rescue_system' build argument 'cmake_force_configure' from command line to 'False'
[0.119s] [34mcolcon.colcon_core.verb[0m [1;30mLevel 5[0m set package 'rescue_system' build argument 'ament_cmake_args' from command line to 'None'
[0.119s] [34mcolcon.colcon_core.verb[0m [1;30mLevel 5[0m set package 'rescue_system' build argument 'catkin_cmake_args' from command line to 'None'
[0.119s] [34mcolcon.colcon_core.verb[0m [1;30mLevel 5[0m set package 'rescue_system' build argument 'catkin_skip_building_tests' from command line to 'False'
[0.119s] [34mcolcon.colcon_core.verb[0m [1;30mDEBUG[0m [32mBuilding package 'rescue_system' with the following arguments: {'ament_cmake_args': None, 'build_base': '/home/hansung/kroc/src/rescue_system/build/rescue_system', 'catkin_cmake_args': None, 'catkin_skip_building_tests': False, 'cmake_args': None, 'cmake_clean_cache': False, 'cmake_clean_first': False, 'cmake_force_configure': False, 'cmake_target': None, 'cmake_target_skip_unavailable': False, 'install_base': '/home/hansung/kroc/src/rescue_system/install/rescue_system', 'merge_install': False, 'path': '/home/hansung/kroc/src/rescue_system', 'symlink_install': False, 'test_result_base': None}[0m
[0.119s] [34mcolcon.colcon_core.executor[0m [1;30mINFO[0m Executing jobs using 'parallel' executor
[0.120s] [34mcolcon.colcon_parallel_executor.executor.parallel[0m [1;30mDEBUG[0m [32mrun_until_complete[0m
[0.120s] [34mcolcon.colcon_ros.task.ament_python.build[0m [1;30mINFO[0m Building ROS package in '/home/hansung/kroc/src/rescue_system' with build type 'ament_python'
[0.120s] [34mcolcon.colcon_core.shell[0m [1;30mLevel 1[0m create_environment_hook('rescue_system', 'ament_prefix_path')
[0.121s] [34mcolcon.colcon_core.plugin_system[0m [1;30mINFO[0m Skipping extension 'colcon_core.shell.bat': Not used on non-Windows systems
[0.121s] [34mcolcon.colcon_core.shell[0m [1;30mINFO[0m Creating environment hook '/home/hansung/kroc/src/rescue_system/install/rescue_system/share/rescue_system/hook/ament_prefix_path.ps1'
[0.122s] [34mcolcon.colcon_core.shell[0m [1;30mINFO[0m Creating environment descriptor '/home/hansung/kroc/src/rescue_system/install/rescue_system/share/rescue_system/hook/ament_prefix_path.dsv'
[0.122s] [34mcolcon.colcon_core.shell[0m [1;30mINFO[0m Creating environment hook '/home/hansung/kroc/src/rescue_system/install/rescue_system/share/rescue_system/hook/ament_prefix_path.sh'
[0.122s] [34mcolcon.colcon_core.shell[0m [1;30mINFO[0m Skip shell extension 'powershell' for command environment: Not usable outside of PowerShell
[0.123s] [34mcolcon.colcon_core.shell[0m [1;30mDEBUG[0m [32mSkip shell extension 'dsv' for command environment[0m
[0.226s] [34mcolcon.colcon_core.task.python.build[0m [1;30mINFO[0m Building Python package in '/home/hansung/kroc/src/rescue_system'
[0.226s] [34mcolcon.colcon_core.shell[0m [1;30mINFO[0m Skip shell extension 'powershell' for command environment: Not usable outside of PowerShell
[0.226s] [34mcolcon.colcon_core.shell[0m [1;30mDEBUG[0m [32mSkip shell extension 'dsv' for command environment[0m
[0.425s] [34mcolcon.colcon_core.event_handler.log_command[0m [1;30mDEBUG[0m [32mInvoking command in '/home/hansung/kroc/src/rescue_system': CONDA_PROMPT_MODIFIER=(kroc) PYTHONPATH=/home/hansung/kroc/src/rescue_system/build/rescue_system/prefix_override:/home/hansung/miniconda3/envs/kroc/lib/python3.10/site-packages/colcon_core/task/python/colcon_distutils_commands:/home/hansung/kroc/src/rescue_system/install/rescue_system/lib/python3.10/site-packages:${PYTHONPATH} /home/hansung/miniconda3/envs/kroc/bin/python3.10 -W ignore:setup.py install is deprecated -W ignore:easy_install command is deprecated setup.py egg_info --egg-base build/rescue_system build --build-base /home/hansung/kroc/src/rescue_system/build/rescue_system/build install --record /home/hansung/kroc/src/rescue_system/build/rescue_system/install.log --single-version-externally-managed install_data[0m
[0.621s] [34mcolcon.colcon_core.event_handler.log_command[0m [1;30mDEBUG[0m [32mInvoked command in '/home/hansung/kroc/src/rescue_system' returned '0': CONDA_PROMPT_MODIFIER=(kroc) PYTHONPATH=/home/hansung/kroc/src/rescue_system/build/rescue_system/prefix_override:/home/hansung/miniconda3/envs/kroc/lib/python3.10/site-packages/colcon_core/task/python/colcon_distutils_commands:/home/hansung/kroc/src/rescue_system/install/rescue_system/lib/python3.10/site-packages:${PYTHONPATH} /home/hansung/miniconda3/envs/kroc/bin/python3.10 -W ignore:setup.py install is deprecated -W ignore:easy_install command is deprecated setup.py egg_info --egg-base build/rescue_system build --build-base /home/hansung/kroc/src/rescue_system/build/rescue_system/build install --record /home/hansung/kroc/src/rescue_system/build/rescue_system/install.log --single-version-externally-managed install_data[0m
[0.622s] [34mcolcon.colcon_core.environment[0m [1;30mLevel 1[0m checking '/home/hansung/kroc/src/rescue_system/install/rescue_system' for CMake module files
[0.623s] [34mcolcon.colcon_core.environment[0m [1;30mLevel 1[0m checking '/home/hansung/kroc/src/rescue_system/install/rescue_system' for CMake config files
[0.623s] [34mcolcon.colcon_core.environment[0m [1;30mLevel 1[0m checking '/home/hansung/kroc/src/rescue_system/install/rescue_system/lib'
[0.623s] [34mcolcon.colcon_core.environment[0m [1;30mLevel 1[0m checking '/home/hansung/kroc/src/rescue_system/install/rescue_system/bin'
[0.623s] [34mcolcon.colcon_core.environment[0m [1;30mLevel 1[0m checking '/home/hansung/kroc/src/rescue_system/install/rescue_system/lib/pkgconfig/rescue_system.pc'
[0.623s] [34mcolcon.colcon_core.environment[0m [1;30mLevel 1[0m checking '/home/hansung/kroc/src/rescue_system/install/rescue_system/lib/python3.10/site-packages'
[0.623s] [34mcolcon.colcon_core.shell[0m [1;30mLevel 1[0m create_environment_hook('rescue_system', 'pythonpath')
[0.624s] [34mcolcon.colcon_core.shell[0m [1;30mINFO[0m Creating environment hook '/home/hansung/kroc/src/rescue_system/install/rescue_system/share/rescue_system/hook/pythonpath.ps1'
[0.624s] [34mcolcon.colcon_core.shell[0m [1;30mINFO[0m Creating environment descriptor '/home/hansung/kroc/src/rescue_system/install/rescue_system/share/rescue_system/hook/pythonpath.dsv'
[0.624s] [34mcolcon.colcon_core.shell[0m [1;30mINFO[0m Creating environment hook '/home/hansung/kroc/src/rescue_system/install/rescue_system/share/rescue_system/hook/pythonpath.sh'
[0.625s] [34mcolcon.colcon_core.environment[0m [1;30mLevel 1[0m checking '/home/hansung/kroc/src/rescue_system/install/rescue_system/bin'
[0.625s] [34mcolcon.colcon_core.environment[0m [1;30mLevel 1[0m create_environment_scripts_only(rescue_system)
[0.625s] [34mcolcon.colcon_core.shell[0m [1;30mINFO[0m Creating package script '/home/hansung/kroc/src/rescue_system/install/rescue_system/share/rescue_system/package.ps1'
[0.626s] [34mcolcon.colcon_core.shell[0m [1;30mINFO[0m Creating package descriptor '/home/hansung/kroc/src/rescue_system/install/rescue_system/share/rescue_system/package.dsv'
[0.626s] [34mcolcon.colcon_core.shell[0m [1;30mINFO[0m Creating package script '/home/hansung/kroc/src/rescue_system/install/rescue_system/share/rescue_system/package.sh'
[0.627s] [34mcolcon.colcon_core.shell[0m [1;30mINFO[0m Creating package script '/home/hansung/kroc/src/rescue_system/install/rescue_system/share/rescue_system/package.bash'
[0.627s] [34mcolcon.colcon_core.shell[0m [1;30mINFO[0m Creating package script '/home/hansung/kroc/src/rescue_system/install/rescue_system/share/rescue_system/package.zsh'
[0.628s] [34mcolcon.colcon_core.environment[0m [1;30mLevel 1[0m create_file_with_runtime_dependencies(/home/hansung/kroc/src/rescue_system/install/rescue_system/share/colcon-core/packages/rescue_system)
[0.628s] [34mcolcon.colcon_parallel_executor.executor.parallel[0m [1;30mDEBUG[0m [32mclosing loop[0m
[0.628s] [34mcolcon.colcon_parallel_executor.executor.parallel[0m [1;30mDEBUG[0m [32mloop closed[0m
[0.628s] [34mcolcon.colcon_parallel_executor.executor.parallel[0m [1;30mDEBUG[0m [32mrun_until_complete finished with '0'[0m
[0.628s] [34mcolcon.colcon_core.event_reactor[0m [1;30mDEBUG[0m [32mjoining thread[0m
[0.629s] [34mcolcon.colcon_core.plugin_system[0m [1;30mINFO[0m Skipping extension 'colcon_notification.desktop_notification.notify2': 'notify2' not found
[0.629s] [34mcolcon.colcon_core.plugin_system[0m [1;30mINFO[0m Skipping extension 'colcon_notification.desktop_notification.terminal_notifier': Not used on non-Darwin systems
[0.629s] [34mcolcon.colcon_core.plugin_system[0m [1;30mINFO[0m Skipping extension 'colcon_notification.desktop_notification.win32': Not used on non-Windows systems
[0.629s] [34mcolcon.colcon_notification.desktop_notification[0m [1;30mINFO[0m Sending desktop notification using 'notify_send'
[0.641s] [34mcolcon.colcon_core.event_reactor[0m [1;30mDEBUG[0m [32mjoined thread[0m
[0.641s] [34mcolcon.colcon_core.shell[0m [1;30mINFO[0m Creating prefix script '/home/hansung/kroc/src/rescue_system/install/local_setup.ps1'
[0.642s] [34mcolcon.colcon_core.shell[0m [1;30mINFO[0m Creating prefix util module '/home/hansung/kroc/src/rescue_system/install/_local_setup_util_ps1.py'
[0.643s] [34mcolcon.colcon_core.shell[0m [1;30mINFO[0m Creating prefix chain script '/home/hansung/kroc/src/rescue_system/install/setup.ps1'
[0.644s] [34mcolcon.colcon_core.shell[0m [1;30mINFO[0m Creating prefix script '/home/hansung/kroc/src/rescue_system/install/local_setup.sh'
[0.644s] [34mcolcon.colcon_core.shell[0m [1;30mINFO[0m Creating prefix util module '/home/hansung/kroc/src/rescue_system/install/_local_setup_util_sh.py'
[0.645s] [34mcolcon.colcon_core.shell[0m [1;30mINFO[0m Creating prefix chain script '/home/hansung/kroc/src/rescue_system/install/setup.sh'
[0.646s] [34mcolcon.colcon_core.shell[0m [1;30mINFO[0m Creating prefix script '/home/hansung/kroc/src/rescue_system/install/local_setup.bash'
[0.646s] [34mcolcon.colcon_core.shell[0m [1;30mINFO[0m Creating prefix chain script '/home/hansung/kroc/src/rescue_system/install/setup.bash'
[0.647s] [34mcolcon.colcon_core.shell[0m [1;30mINFO[0m Creating prefix script '/home/hansung/kroc/src/rescue_system/install/local_setup.zsh'
[0.647s] [34mcolcon.colcon_core.shell[0m [1;30mINFO[0m Creating prefix chain script '/home/hansung/kroc/src/rescue_system/install/setup.zsh'
