/home/hansung/kroc/src/rescue_system/install/rescue_system/lib/python3.10/site-packages/rescue_system/pos_est_test.py
/home/hansung/kroc/src/rescue_system/install/rescue_system/lib/python3.10/site-packages/rescue_system/__init__.py
/home/hansung/kroc/src/rescue_system/install/rescue_system/lib/python3.10/site-packages/rescue_system/webcam_publisher.py
/home/hansung/kroc/src/rescue_system/install/rescue_system/lib/python3.10/site-packages/rescue_system/main_jetson.py
/home/hansung/kroc/src/rescue_system/install/rescue_system/lib/python3.10/site-packages/rescue_system/__pycache__/pos_est_test.cpython-310.pyc
/home/hansung/kroc/src/rescue_system/install/rescue_system/lib/python3.10/site-packages/rescue_system/__pycache__/__init__.cpython-310.pyc
/home/hansung/kroc/src/rescue_system/install/rescue_system/lib/python3.10/site-packages/rescue_system/__pycache__/webcam_publisher.cpython-310.pyc
/home/hansung/kroc/src/rescue_system/install/rescue_system/lib/python3.10/site-packages/rescue_system/__pycache__/main_jetson.cpython-310.pyc
/home/hansung/kroc/src/rescue_system/install/rescue_system/share/ament_index/resource_index/packages/rescue_system
/home/hansung/kroc/src/rescue_system/install/rescue_system/share/rescue_system/package.xml
/home/hansung/kroc/src/rescue_system/install/rescue_system/lib/python3.10/site-packages/rescue_system-0.0.0-py3.10.egg-info/SOURCES.txt
/home/hansung/kroc/src/rescue_system/install/rescue_system/lib/python3.10/site-packages/rescue_system-0.0.0-py3.10.egg-info/entry_points.txt
/home/hansung/kroc/src/rescue_system/install/rescue_system/lib/python3.10/site-packages/rescue_system-0.0.0-py3.10.egg-info/dependency_links.txt
/home/hansung/kroc/src/rescue_system/install/rescue_system/lib/python3.10/site-packages/rescue_system-0.0.0-py3.10.egg-info/PKG-INFO
/home/hansung/kroc/src/rescue_system/install/rescue_system/lib/python3.10/site-packages/rescue_system-0.0.0-py3.10.egg-info/top_level.txt
/home/hansung/kroc/src/rescue_system/install/rescue_system/lib/python3.10/site-packages/rescue_system-0.0.0-py3.10.egg-info/requires.txt
/home/hansung/kroc/src/rescue_system/install/rescue_system/lib/python3.10/site-packages/rescue_system-0.0.0-py3.10.egg-info/zip-safe
/home/hansung/kroc/src/rescue_system/install/rescue_system/lib/rescue_system/main_jetson
/home/hansung/kroc/src/rescue_system/install/rescue_system/lib/rescue_system/pos_est_test
/home/hansung/kroc/src/rescue_system/install/rescue_system/lib/rescue_system/webcam_pub
